d:\visual studio projects\visaocomputadorlib\visaocomputadorwin\visaocomputadorwin\x64\release\vc141.pdb
d:\visual studio projects\visaocomputadorlib\visaocomputadorwin\visaocomputadorwin\x64\release\tp2.obj
d:\visual studio projects\visaocomputadorlib\visaocomputadorwin\visaocomputadorwin\x64\release\segmentators.obj
d:\visual studio projects\visaocomputadorlib\visaocomputadorwin\visaocomputadorwin\x64\release\morphologicaloperators.obj
d:\visual studio projects\visaocomputadorlib\visaocomputadorwin\visaocomputadorwin\x64\release\labeling.obj
d:\visual studio projects\visaocomputadorlib\visaocomputadorwin\visaocomputadorwin\x64\release\histogram.obj
d:\visual studio projects\visaocomputadorlib\visaocomputadorwin\visaocomputadorwin\x64\release\filters.obj
d:\visual studio projects\visaocomputadorlib\visaocomputadorwin\visaocomputadorwin\x64\release\engine.obj
d:\visual studio projects\visaocomputadorlib\visaocomputadorwin\visaocomputadorwin\x64\release\edging.obj
d:\visual studio projects\visaocomputadorlib\visaocomputadorwin\visaocomputadorwin\x64\release\conversors.obj
d:\visual studio projects\visaocomputadorlib\visaocomputadorwin\visaocomputadorwin\x64\release\main.obj
d:\visual studio projects\visaocomputadorlib\visaocomputadorwin\visaocomputadorwin\x64\release\coinscolortype.obj
d:\visual studio projects\visaocomputadorlib\visaocomputadorwin\x64\release\visaocomputadorwin.exe
d:\visual studio projects\visaocomputadorlib\visaocomputadorwin\x64\release\visaocomputadorwin.pdb
d:\visual studio projects\visaocomputadorlib\visaocomputadorwin\x64\release\visaocomputadorwin.ipdb
d:\visual studio projects\visaocomputadorlib\visaocomputadorwin\x64\release\visaocomputadorwin.iobj
d:\visual studio projects\visaocomputadorlib\visaocomputadorwin\visaocomputadorwin\x64\release\visaocom.c3a21cf1.tlog\cl.command.1.tlog
d:\visual studio projects\visaocomputadorlib\visaocomputadorwin\visaocomputadorwin\x64\release\visaocom.c3a21cf1.tlog\cl.read.1.tlog
d:\visual studio projects\visaocomputadorlib\visaocomputadorwin\visaocomputadorwin\x64\release\visaocom.c3a21cf1.tlog\cl.write.1.tlog
d:\visual studio projects\visaocomputadorlib\visaocomputadorwin\visaocomputadorwin\x64\release\visaocom.c3a21cf1.tlog\link.command.1.tlog
d:\visual studio projects\visaocomputadorlib\visaocomputadorwin\visaocomputadorwin\x64\release\visaocom.c3a21cf1.tlog\link.read.1.tlog
d:\visual studio projects\visaocomputadorlib\visaocomputadorwin\visaocomputadorwin\x64\release\visaocom.c3a21cf1.tlog\link.write.1.tlog
d:\visual studio projects\visaocomputadorlib\visaocomputadorwin\visaocomputadorwin\x64\release\visaocom.c3a21cf1.tlog\visaocomputadorwin.write.1u.tlog
