d:\visual studio projects\visaocomputadorlib\visaocomputadorwin\visaocomputadorwin\x64\debug\vc141.pdb
d:\visual studio projects\visaocomputadorlib\visaocomputadorwin\visaocomputadorwin\x64\debug\vc141.idb
d:\visual studio projects\visaocomputadorlib\visaocomputadorwin\visaocomputadorwin\x64\debug\tp2.obj
d:\visual studio projects\visaocomputadorlib\visaocomputadorwin\visaocomputadorwin\x64\debug\segmentators.obj
d:\visual studio projects\visaocomputadorlib\visaocomputadorwin\visaocomputadorwin\x64\debug\morphologicaloperators.obj
d:\visual studio projects\visaocomputadorlib\visaocomputadorwin\visaocomputadorwin\x64\debug\labeling.obj
d:\visual studio projects\visaocomputadorlib\visaocomputadorwin\visaocomputadorwin\x64\debug\histogram.obj
d:\visual studio projects\visaocomputadorlib\visaocomputadorwin\visaocomputadorwin\x64\debug\filters.obj
d:\visual studio projects\visaocomputadorlib\visaocomputadorwin\visaocomputadorwin\x64\debug\engine.obj
d:\visual studio projects\visaocomputadorlib\visaocomputadorwin\visaocomputadorwin\x64\debug\edging.obj
d:\visual studio projects\visaocomputadorlib\visaocomputadorwin\visaocomputadorwin\x64\debug\conversors.obj
d:\visual studio projects\visaocomputadorlib\visaocomputadorwin\visaocomputadorwin\x64\debug\main.obj
d:\visual studio projects\visaocomputadorlib\visaocomputadorwin\x64\debug\visaocomputadorwin.ilk
d:\visual studio projects\visaocomputadorlib\visaocomputadorwin\x64\debug\visaocomputadorwin.exe
d:\visual studio projects\visaocomputadorlib\visaocomputadorwin\x64\debug\visaocomputadorwin.pdb
d:\visual studio projects\visaocomputadorlib\visaocomputadorwin\visaocomputadorwin\x64\debug\visaocom.c3a21cf1.tlog\cl.command.1.tlog
d:\visual studio projects\visaocomputadorlib\visaocomputadorwin\visaocomputadorwin\x64\debug\visaocom.c3a21cf1.tlog\cl.read.1.tlog
d:\visual studio projects\visaocomputadorlib\visaocomputadorwin\visaocomputadorwin\x64\debug\visaocom.c3a21cf1.tlog\cl.write.1.tlog
d:\visual studio projects\visaocomputadorlib\visaocomputadorwin\visaocomputadorwin\x64\debug\visaocom.c3a21cf1.tlog\link.command.1.tlog
d:\visual studio projects\visaocomputadorlib\visaocomputadorwin\visaocomputadorwin\x64\debug\visaocom.c3a21cf1.tlog\link.read.1.tlog
d:\visual studio projects\visaocomputadorlib\visaocomputadorwin\visaocomputadorwin\x64\debug\visaocom.c3a21cf1.tlog\link.write.1.tlog
